mode: set
capstone-project/delivery/controllers/application/application.go:22.73,24.2 1 1
capstone-project/delivery/controllers/application/application.go:26.59,27.36 1 1
capstone-project/delivery/controllers/application/application.go:27.36,29.17 2 1
capstone-project/delivery/controllers/application/application.go:33.3,35.25 2 1
capstone-project/delivery/controllers/application/application.go:39.3,39.40 1 1
capstone-project/delivery/controllers/application/application.go:44.3,48.29 4 1
capstone-project/delivery/controllers/application/application.go:54.3,56.22 3 1
capstone-project/delivery/controllers/application/application.go:62.3,63.21 2 1
capstone-project/delivery/controllers/application/application.go:68.3,70.107 2 1
capstone-project/delivery/controllers/application/application.go:29.17,31.4 1 1
capstone-project/delivery/controllers/application/application.go:35.25,37.4 1 1
capstone-project/delivery/controllers/application/application.go:39.40,42.4 2 1
capstone-project/delivery/controllers/application/application.go:48.29,50.4 1 1
capstone-project/delivery/controllers/application/application.go:50.9,53.4 2 1
capstone-project/delivery/controllers/application/application.go:56.22,58.4 1 1
capstone-project/delivery/controllers/application/application.go:58.9,58.32 1 1
capstone-project/delivery/controllers/application/application.go:58.32,60.4 1 1
capstone-project/delivery/controllers/application/application.go:63.21,66.4 2 0
capstone-project/delivery/controllers/application/application.go:74.65,75.36 1 1
capstone-project/delivery/controllers/application/application.go:75.36,77.17 2 1
capstone-project/delivery/controllers/application/application.go:81.3,84.17 3 1
capstone-project/delivery/controllers/application/application.go:88.3,88.40 1 1
capstone-project/delivery/controllers/application/application.go:93.3,93.34 1 1
capstone-project/delivery/controllers/application/application.go:217.3,217.108 1 1
capstone-project/delivery/controllers/application/application.go:77.17,79.4 1 1
capstone-project/delivery/controllers/application/application.go:84.17,86.4 1 1
capstone-project/delivery/controllers/application/application.go:88.40,91.4 2 1
capstone-project/delivery/controllers/application/application.go:93.34,94.22 1 1
capstone-project/delivery/controllers/application/application.go:98.4,98.81 1 1
capstone-project/delivery/controllers/application/application.go:102.4,102.126 1 1
capstone-project/delivery/controllers/application/application.go:94.22,96.5 1 1
capstone-project/delivery/controllers/application/application.go:98.81,100.5 1 1
capstone-project/delivery/controllers/application/application.go:104.8,104.39 1 1
capstone-project/delivery/controllers/application/application.go:104.39,105.24 1 1
capstone-project/delivery/controllers/application/application.go:109.4,111.87 2 1
capstone-project/delivery/controllers/application/application.go:115.4,115.122 1 1
capstone-project/delivery/controllers/application/application.go:105.24,107.5 1 1
capstone-project/delivery/controllers/application/application.go:111.87,113.5 1 1
capstone-project/delivery/controllers/application/application.go:117.8,117.38 1 1
capstone-project/delivery/controllers/application/application.go:117.38,118.24 1 1
capstone-project/delivery/controllers/application/application.go:132.4,132.96 1 1
capstone-project/delivery/controllers/application/application.go:118.24,119.86 1 1
capstone-project/delivery/controllers/application/application.go:123.5,123.124 1 1
capstone-project/delivery/controllers/application/application.go:119.86,121.6 1 1
capstone-project/delivery/controllers/application/application.go:124.9,124.28 1 1
capstone-project/delivery/controllers/application/application.go:124.28,125.82 1 1
capstone-project/delivery/controllers/application/application.go:129.5,129.122 1 1
capstone-project/delivery/controllers/application/application.go:125.82,127.6 1 1
capstone-project/delivery/controllers/application/application.go:134.8,134.36 1 1
capstone-project/delivery/controllers/application/application.go:134.36,135.22 1 1
capstone-project/delivery/controllers/application/application.go:139.4,140.18 2 1
capstone-project/delivery/controllers/application/application.go:145.4,146.18 2 1
capstone-project/delivery/controllers/application/application.go:151.4,151.24 1 1
capstone-project/delivery/controllers/application/application.go:155.4,155.90 1 1
capstone-project/delivery/controllers/application/application.go:159.4,160.18 2 1
capstone-project/delivery/controllers/application/application.go:165.4,167.92 2 1
capstone-project/delivery/controllers/application/application.go:171.4,171.141 1 1
capstone-project/delivery/controllers/application/application.go:135.22,137.5 1 1
capstone-project/delivery/controllers/application/application.go:140.18,143.5 2 1
capstone-project/delivery/controllers/application/application.go:146.18,149.5 2 1
capstone-project/delivery/controllers/application/application.go:151.24,153.5 1 1
capstone-project/delivery/controllers/application/application.go:155.90,157.5 1 1
capstone-project/delivery/controllers/application/application.go:160.18,163.5 2 1
capstone-project/delivery/controllers/application/application.go:167.92,169.5 1 1
capstone-project/delivery/controllers/application/application.go:173.8,173.39 1 1
capstone-project/delivery/controllers/application/application.go:173.39,174.24 1 1
capstone-project/delivery/controllers/application/application.go:181.4,181.106 1 1
capstone-project/delivery/controllers/application/application.go:174.24,175.85 1 1
capstone-project/delivery/controllers/application/application.go:179.5,179.114 1 1
capstone-project/delivery/controllers/application/application.go:175.85,177.6 1 1
capstone-project/delivery/controllers/application/application.go:183.8,183.41 1 1
capstone-project/delivery/controllers/application/application.go:183.41,184.22 1 1
capstone-project/delivery/controllers/application/application.go:188.4,188.84 1 1
capstone-project/delivery/controllers/application/application.go:192.4,193.18 2 1
capstone-project/delivery/controllers/application/application.go:198.4,200.80 2 0
capstone-project/delivery/controllers/application/application.go:204.4,204.115 1 0
capstone-project/delivery/controllers/application/application.go:184.22,186.5 1 1
capstone-project/delivery/controllers/application/application.go:188.84,190.5 1 1
capstone-project/delivery/controllers/application/application.go:193.18,196.5 2 1
capstone-project/delivery/controllers/application/application.go:200.80,202.5 1 0
capstone-project/delivery/controllers/application/application.go:205.8,205.40 1 1
capstone-project/delivery/controllers/application/application.go:205.40,206.22 1 1
capstone-project/delivery/controllers/application/application.go:210.4,210.84 1 1
capstone-project/delivery/controllers/application/application.go:214.4,214.114 1 1
capstone-project/delivery/controllers/application/application.go:206.22,208.5 1 1
capstone-project/delivery/controllers/application/application.go:210.84,212.5 1 1
capstone-project/delivery/controllers/application/application.go:222.58,223.35 1 1
capstone-project/delivery/controllers/application/application.go:223.35,225.17 2 1
capstone-project/delivery/controllers/application/application.go:229.3,230.16 2 1
capstone-project/delivery/controllers/application/application.go:235.3,235.100 1 1
capstone-project/delivery/controllers/application/application.go:225.17,227.4 1 1
capstone-project/delivery/controllers/application/application.go:230.16,233.4 2 1
capstone-project/delivery/controllers/application/application.go:240.58,241.35 1 1
capstone-project/delivery/controllers/application/application.go:241.35,250.21 7 1
capstone-project/delivery/controllers/application/application.go:257.3,258.18 2 1
capstone-project/delivery/controllers/application/application.go:266.3,267.16 2 1
capstone-project/delivery/controllers/application/application.go:272.3,279.115 6 1
capstone-project/delivery/controllers/application/application.go:250.21,252.4 1 1
capstone-project/delivery/controllers/application/application.go:258.18,260.5 1 1
capstone-project/delivery/controllers/application/application.go:267.16,270.4 2 1
capstone-project/delivery/controllers/application/application.go:283.76,284.36 1 1
capstone-project/delivery/controllers/application/application.go:284.36,286.17 2 1
capstone-project/delivery/controllers/application/application.go:290.3,291.16 2 1
capstone-project/delivery/controllers/application/application.go:296.3,296.101 1 1
capstone-project/delivery/controllers/application/application.go:286.17,288.4 1 1
capstone-project/delivery/controllers/application/application.go:291.16,294.4 2 1
capstone-project/delivery/controllers/application/application.go:299.75,300.36 1 1
capstone-project/delivery/controllers/application/application.go:300.36,302.17 2 1
capstone-project/delivery/controllers/application/application.go:306.3,307.16 2 1
capstone-project/delivery/controllers/application/application.go:312.3,312.101 1 1
capstone-project/delivery/controllers/application/application.go:302.17,304.4 1 1
capstone-project/delivery/controllers/application/application.go:307.16,310.4 2 1
capstone-project/delivery/controllers/category/category.go:16.62,18.2 1 1
capstone-project/delivery/controllers/category/category.go:20.53,21.36 1 1
capstone-project/delivery/controllers/category/category.go:21.36,25.17 2 1
capstone-project/delivery/controllers/category/category.go:29.3,29.111 1 1
capstone-project/delivery/controllers/category/category.go:25.17,27.4 1 1
capstone-project/delivery/controllers/auth/auth.go:19.52,21.2 1 1
capstone-project/delivery/controllers/auth/auth.go:24.51,25.36 1 1
capstone-project/delivery/controllers/auth/auth.go:25.36,29.39 2 1
capstone-project/delivery/controllers/auth/auth.go:34.2,35.16 2 1
capstone-project/delivery/controllers/auth/auth.go:39.2,39.36 1 1
capstone-project/delivery/controllers/auth/auth.go:43.2,43.105 1 1
capstone-project/delivery/controllers/auth/auth.go:47.2,55.101 7 1
capstone-project/delivery/controllers/auth/auth.go:29.39,32.3 2 1
capstone-project/delivery/controllers/auth/auth.go:35.16,37.3 1 1
capstone-project/delivery/controllers/auth/auth.go:39.36,41.3 1 1
capstone-project/delivery/controllers/auth/auth.go:43.105,45.3 1 1
capstone-project/delivery/controllers/asset/asset.go:27.55,29.2 1 1
capstone-project/delivery/controllers/asset/asset.go:31.51,32.36 1 1
capstone-project/delivery/controllers/asset/asset.go:32.36,36.40 2 1
capstone-project/delivery/controllers/asset/asset.go:41.3,47.17 7 1
capstone-project/delivery/controllers/asset/asset.go:50.3,53.85 4 1
capstone-project/delivery/controllers/asset/asset.go:56.3,56.21 1 1
capstone-project/delivery/controllers/asset/asset.go:62.3,73.17 5 1
capstone-project/delivery/controllers/asset/asset.go:78.3,81.17 3 0
capstone-project/delivery/controllers/asset/asset.go:85.3,85.40 1 0
capstone-project/delivery/controllers/asset/asset.go:93.3,93.118 1 0
capstone-project/delivery/controllers/asset/asset.go:36.40,39.4 2 1
capstone-project/delivery/controllers/asset/asset.go:47.17,49.4 1 1
capstone-project/delivery/controllers/asset/asset.go:53.85,55.4 1 1
capstone-project/delivery/controllers/asset/asset.go:56.21,58.4 1 0
capstone-project/delivery/controllers/asset/asset.go:58.9,58.33 1 1
capstone-project/delivery/controllers/asset/asset.go:58.33,60.4 1 0
capstone-project/delivery/controllers/asset/asset.go:73.17,76.4 2 1
capstone-project/delivery/controllers/asset/asset.go:81.17,83.4 1 0
capstone-project/delivery/controllers/asset/asset.go:85.40,88.73 3 0
capstone-project/delivery/controllers/asset/asset.go:88.73,90.5 1 0
capstone-project/delivery/controllers/asset/asset.go:97.51,98.36 1 1
capstone-project/delivery/controllers/asset/asset.go:98.36,101.17 2 1
capstone-project/delivery/controllers/asset/asset.go:105.3,106.16 2 1
capstone-project/delivery/controllers/asset/asset.go:110.3,121.18 11 1
capstone-project/delivery/controllers/asset/asset.go:125.4,125.44 1 1
capstone-project/delivery/controllers/asset/asset.go:131.3,131.110 1 1
capstone-project/delivery/controllers/asset/asset.go:101.17,103.4 1 1
capstone-project/delivery/controllers/asset/asset.go:106.16,108.4 1 1
capstone-project/delivery/controllers/asset/asset.go:121.18,123.5 1 1
capstone-project/delivery/controllers/asset/asset.go:125.44,127.5 1 1
capstone-project/delivery/controllers/asset/asset.go:127.9,129.5 1 0
capstone-project/delivery/controllers/asset/asset.go:135.50,136.36 1 1
capstone-project/delivery/controllers/asset/asset.go:136.36,144.21 6 1
capstone-project/delivery/controllers/asset/asset.go:147.3,147.23 1 1
capstone-project/delivery/controllers/asset/asset.go:151.3,152.18 2 1
capstone-project/delivery/controllers/asset/asset.go:156.3,157.18 2 1
capstone-project/delivery/controllers/asset/asset.go:161.3,162.16 2 1
capstone-project/delivery/controllers/asset/asset.go:167.3,172.32 4 1
capstone-project/delivery/controllers/asset/asset.go:207.3,211.108 4 1
capstone-project/delivery/controllers/asset/asset.go:144.21,146.4 1 1
capstone-project/delivery/controllers/asset/asset.go:147.23,149.4 1 1
capstone-project/delivery/controllers/asset/asset.go:152.18,154.5 1 1
capstone-project/delivery/controllers/asset/asset.go:157.18,159.5 1 1
capstone-project/delivery/controllers/asset/asset.go:162.16,165.4 2 1
capstone-project/delivery/controllers/asset/asset.go:172.32,176.18 3 1
capstone-project/delivery/controllers/asset/asset.go:180.4,180.44 1 1
capstone-project/delivery/controllers/asset/asset.go:186.4,195.44 9 1
capstone-project/delivery/controllers/asset/asset.go:204.4,204.48 1 1
capstone-project/delivery/controllers/asset/asset.go:176.18,178.5 1 1
capstone-project/delivery/controllers/asset/asset.go:180.44,182.5 1 1
capstone-project/delivery/controllers/asset/asset.go:182.9,184.5 1 0
capstone-project/delivery/controllers/asset/asset.go:195.44,196.55 1 0
capstone-project/delivery/controllers/asset/asset.go:196.55,197.14 1 0
capstone-project/delivery/controllers/asset/asset.go:199.10,199.56 1 1
capstone-project/delivery/controllers/asset/asset.go:199.56,200.49 1 0
capstone-project/delivery/controllers/asset/asset.go:200.49,201.14 1 0
capstone-project/delivery/controllers/asset/asset.go:215.51,216.36 1 1
capstone-project/delivery/controllers/asset/asset.go:216.36,218.48 2 1
capstone-project/delivery/controllers/asset/asset.go:222.3,223.17 2 1
capstone-project/delivery/controllers/asset/asset.go:227.3,228.17 2 1
capstone-project/delivery/controllers/asset/asset.go:232.3,232.30 1 1
capstone-project/delivery/controllers/asset/asset.go:236.3,237.23 2 1
capstone-project/delivery/controllers/asset/asset.go:241.3,241.100 1 1
capstone-project/delivery/controllers/asset/asset.go:218.48,220.4 1 1
capstone-project/delivery/controllers/asset/asset.go:223.17,225.4 1 1
capstone-project/delivery/controllers/asset/asset.go:228.17,230.4 1 1
capstone-project/delivery/controllers/asset/asset.go:232.30,234.4 1 1
capstone-project/delivery/controllers/asset/asset.go:237.23,239.4 1 1
capstone-project/delivery/controllers/item/item.go:19.46,21.2 1 1
capstone-project/delivery/controllers/item/item.go:23.49,24.36 1 1
capstone-project/delivery/controllers/item/item.go:24.36,31.21 5 1
capstone-project/delivery/controllers/item/item.go:34.3,34.22 1 1
capstone-project/delivery/controllers/item/item.go:37.3,38.17 2 1
capstone-project/delivery/controllers/item/item.go:41.3,42.17 2 1
capstone-project/delivery/controllers/item/item.go:45.3,47.17 2 1
capstone-project/delivery/controllers/item/item.go:50.3,57.108 4 1
capstone-project/delivery/controllers/item/item.go:31.21,33.4 1 1
capstone-project/delivery/controllers/item/item.go:34.22,36.4 1 1
capstone-project/delivery/controllers/item/item.go:38.17,40.4 1 1
capstone-project/delivery/controllers/item/item.go:42.17,44.4 1 1
capstone-project/delivery/controllers/item/item.go:47.17,49.4 1 1
capstone-project/delivery/controllers/item/item.go:61.53,62.36 1 1
capstone-project/delivery/controllers/item/item.go:62.36,65.17 2 1
capstone-project/delivery/controllers/item/item.go:69.3,70.17 2 1
capstone-project/delivery/controllers/item/item.go:74.3,74.95 1 1
capstone-project/delivery/controllers/item/item.go:65.17,67.4 1 1
capstone-project/delivery/controllers/item/item.go:70.17,72.4 1 1
capstone-project/delivery/controllers/item/item.go:77.52,78.36 1 1
capstone-project/delivery/controllers/item/item.go:78.36,80.47 2 1
capstone-project/delivery/controllers/item/item.go:84.3,85.17 2 1
capstone-project/delivery/controllers/item/item.go:89.3,90.17 2 1
capstone-project/delivery/controllers/item/item.go:94.3,94.33 1 1
capstone-project/delivery/controllers/item/item.go:98.3,99.23 2 1
capstone-project/delivery/controllers/item/item.go:102.3,102.99 1 1
capstone-project/delivery/controllers/item/item.go:80.47,82.4 1 1
capstone-project/delivery/controllers/item/item.go:85.17,87.4 1 1
capstone-project/delivery/controllers/item/item.go:90.17,92.4 1 1
capstone-project/delivery/controllers/item/item.go:94.33,96.4 1 1
capstone-project/delivery/controllers/item/item.go:99.23,101.4 1 1
capstone-project/delivery/controllers/item/item.go:106.65,107.36 1 1
capstone-project/delivery/controllers/item/item.go:107.36,110.17 2 1
capstone-project/delivery/controllers/item/item.go:114.3,115.17 2 1
capstone-project/delivery/controllers/item/item.go:119.3,119.95 1 1
capstone-project/delivery/controllers/item/item.go:110.17,112.4 1 1
capstone-project/delivery/controllers/item/item.go:115.17,117.4 1 1
capstone-project/delivery/controllers/procurement/procurement.go:20.74,22.2 1 1
capstone-project/delivery/controllers/procurement/procurement.go:24.59,25.36 1 1
capstone-project/delivery/controllers/procurement/procurement.go:25.36,27.17 2 1
capstone-project/delivery/controllers/procurement/procurement.go:31.3,31.25 1 1
capstone-project/delivery/controllers/procurement/procurement.go:35.3,37.40 2 1
capstone-project/delivery/controllers/procurement/procurement.go:42.3,51.21 3 1
capstone-project/delivery/controllers/procurement/procurement.go:56.3,56.105 1 1
capstone-project/delivery/controllers/procurement/procurement.go:27.17,29.4 1 1
capstone-project/delivery/controllers/procurement/procurement.go:31.25,33.4 1 1
capstone-project/delivery/controllers/procurement/procurement.go:37.40,40.4 2 1
capstone-project/delivery/controllers/procurement/procurement.go:51.21,54.4 2 1
capstone-project/delivery/controllers/procurement/procurement.go:60.56,61.36 1 1
capstone-project/delivery/controllers/procurement/procurement.go:61.36,75.17 3 1
capstone-project/delivery/controllers/procurement/procurement.go:85.3,85.115 1 1
capstone-project/delivery/controllers/procurement/procurement.go:75.17,77.4 1 1
capstone-project/delivery/controllers/procurement/procurement.go:89.60,90.36 1 1
capstone-project/delivery/controllers/procurement/procurement.go:90.36,93.17 2 1
capstone-project/delivery/controllers/procurement/procurement.go:97.3,98.17 2 1
capstone-project/delivery/controllers/procurement/procurement.go:102.3,102.109 1 1
capstone-project/delivery/controllers/procurement/procurement.go:93.17,95.4 1 1
capstone-project/delivery/controllers/procurement/procurement.go:98.17,100.4 1 1
capstone-project/delivery/controllers/procurement/procurement.go:106.59,107.36 1 1
capstone-project/delivery/controllers/procurement/procurement.go:107.36,109.17 2 1
capstone-project/delivery/controllers/procurement/procurement.go:113.3,116.17 3 1
capstone-project/delivery/controllers/procurement/procurement.go:120.3,120.40 1 1
capstone-project/delivery/controllers/procurement/procurement.go:125.3,125.34 1 1
capstone-project/delivery/controllers/procurement/procurement.go:184.3,184.109 1 1
capstone-project/delivery/controllers/procurement/procurement.go:109.17,111.4 1 1
capstone-project/delivery/controllers/procurement/procurement.go:116.17,118.4 1 1
capstone-project/delivery/controllers/procurement/procurement.go:120.40,123.4 2 1
capstone-project/delivery/controllers/procurement/procurement.go:125.34,126.23 1 1
capstone-project/delivery/controllers/procurement/procurement.go:129.4,133.68 2 1
capstone-project/delivery/controllers/procurement/procurement.go:137.4,137.126 1 1
capstone-project/delivery/controllers/procurement/procurement.go:126.23,128.5 1 1
capstone-project/delivery/controllers/procurement/procurement.go:133.68,135.5 1 1
capstone-project/delivery/controllers/procurement/procurement.go:139.9,139.40 1 1
capstone-project/delivery/controllers/procurement/procurement.go:139.40,142.25 1 1
capstone-project/delivery/controllers/procurement/procurement.go:146.4,151.68 2 1
capstone-project/delivery/controllers/procurement/procurement.go:155.4,155.122 1 1
capstone-project/delivery/controllers/procurement/procurement.go:142.25,144.5 1 1
capstone-project/delivery/controllers/procurement/procurement.go:151.68,153.5 1 1
capstone-project/delivery/controllers/procurement/procurement.go:156.9,156.39 1 1
capstone-project/delivery/controllers/procurement/procurement.go:156.39,157.25 1 1
capstone-project/delivery/controllers/procurement/procurement.go:180.4,180.97 1 1
capstone-project/delivery/controllers/procurement/procurement.go:157.25,163.69 2 1
capstone-project/delivery/controllers/procurement/procurement.go:167.5,167.124 1 1
capstone-project/delivery/controllers/procurement/procurement.go:163.69,165.6 1 1
capstone-project/delivery/controllers/procurement/procurement.go:168.10,168.30 1 1
capstone-project/delivery/controllers/procurement/procurement.go:168.30,173.69 2 1
capstone-project/delivery/controllers/procurement/procurement.go:177.5,177.122 1 1
capstone-project/delivery/controllers/procurement/procurement.go:173.69,175.6 1 1
capstone-project/delivery/controllers/statistic/statistic.go:16.66,18.2 1 1
capstone-project/delivery/controllers/statistic/statistic.go:20.54,21.36 1 1
capstone-project/delivery/controllers/statistic/statistic.go:21.36,25.17 2 1
capstone-project/delivery/controllers/statistic/statistic.go:29.3,29.109 1 1
capstone-project/delivery/controllers/statistic/statistic.go:25.17,27.4 1 1
capstone-project/delivery/controllers/user/user.go:25.52,27.2 1 1
capstone-project/delivery/controllers/user/user.go:29.54,30.36 1 1
capstone-project/delivery/controllers/user/user.go:30.36,34.40 2 1
capstone-project/delivery/controllers/user/user.go:39.3,46.24 7 1
capstone-project/delivery/controllers/user/user.go:49.3,53.17 3 1
capstone-project/delivery/controllers/user/user.go:57.3,57.99 1 1
capstone-project/delivery/controllers/user/user.go:34.40,37.4 2 1
capstone-project/delivery/controllers/user/user.go:46.24,48.4 1 0
capstone-project/delivery/controllers/user/user.go:53.17,55.4 1 1
capstone-project/delivery/controllers/user/user.go:208.58,209.36 1 1
capstone-project/delivery/controllers/user/user.go:209.36,211.17 2 1
capstone-project/delivery/controllers/user/user.go:216.3,216.101 1 1
capstone-project/delivery/controllers/user/user.go:211.17,214.4 2 1
